\BOOKMARK [1][-]{section.1}{\376\377\000W\000s\000t\001\031\000p}{}% 1
\BOOKMARK [2][-]{subsection.1.1}{\376\377\000C\000e\000l\000e\000\040\000p\000r\000a\000c\000y}{section.1}% 2
\BOOKMARK [1][-]{section.2}{\376\377\000S\000t\000a\000n\000d\000a\000r\000d\000\040\000k\000o\000m\000u\000n\000i\000k\000a\000c\000j\000i\000\040\000L\000o\000r\000a}{}% 3
\BOOKMARK [2][-]{subsection.2.1}{\376\377\000W\000i\000a\000d\000o\000m\000o\001\133\000c\000i\000\040\000o\000g\000\363\000l\000n\000e}{section.2}% 4
\BOOKMARK [2][-]{subsection.2.2}{\376\377\000R\000o\000z\000w\000\363\000j}{section.2}% 5
\BOOKMARK [2][-]{subsection.2.3}{\376\377\000S\000p\000e\000c\000y\000f\000i\000k\000a\000c\000j\000e}{section.2}% 6
\BOOKMARK [2][-]{subsection.2.4}{\376\377\000P\000r\000z\000y\000k\001\102\000a\000d\000o\000w\000e\000\040\000z\000a\000s\000t\000o\000s\000o\000w\000a\000n\000i\000a}{section.2}% 7
\BOOKMARK [1][-]{section.3}{\376\377\000D\000e\000\040\000F\000i\000n\000i\000b\000u\000s\000\040\000B\000o\000n\000o\000r\000u\000m\000\040\000e\000t\000\040\000M\000a\000l\000o\000r\000u\000m}{}% 8
\BOOKMARK [2][-]{subsection.3.1}{\376\377\000C\000r\000i\000t\000i\000q\000u\000e\000\040\000o\000f\000\040\000P\000u\000r\000e\000\040\000R\000e\000a\000s\000o\000n}{section.3}% 9
\BOOKMARK [2][-]{subsection.3.2}{\376\377\000C\000a\000t\000e\000g\000o\000r\000i\000c\000a\000l\000\040\000I\000m\000p\000e\000r\000a\000t\000i\000v\000e}{section.3}% 10
\BOOKMARK [3][-]{subsubsection.3.2.1}{\376\377\000D\000e\000o\000n\000t\000o\000l\000o\000g\000i\000c\000a\000l\000\040\000E\000t\000h\000i\000c\000s}{subsection.3.2}% 11
\BOOKMARK [3][-]{subsubsection.3.2.2}{\376\377\000C\000o\000n\000s\000e\000q\000u\000e\000n\000t\000i\000a\000l\000i\000s\000m\000\040\040\023\000\040\000t\000h\000e\000\040\000I\000d\000e\000a\000l\000\040\000o\000f\000\040\000p\000r\000a\000c\000t\000i\000c\000a\000l\000\040\000r\000e\000a\000s\000o\000n}{subsection.3.2}% 12
\BOOKMARK [2][-]{subsection.3.3}{\376\377\000G\000\366\000d\000e\000l\000'\000s\000\040\000o\000n\000t\000o\000l\000o\000g\000i\000c\000a\000l\000\040\000p\000r\000o\000o\000f}{section.3}% 13
\BOOKMARK [1][-]{section.4}{\376\377\000C\000o\000d\000e\000\040\000l\000i\000s\000t\000i\000n\000g\000s}{}% 14
\BOOKMARK [1][-]{section.5}{\376\377\000S\000u\000m\000m\000a\000t\000i\000o}{}% 15
\BOOKMARK [1][-]{section*.4}{\376\377\000B\000i\000b\000l\000i\000o\000g\000r\000a\000f\000i\000a}{}% 16
\BOOKMARK [1][-]{section*.5}{\376\377\000W\000y\000k\000a\000z\000\040\000s\000y\000m\000b\000o\000l\000i\000\040\000i\000\040\000s\000k\000r\000\363\000t\000\363\000w}{}% 17
\BOOKMARK [1][-]{section*.5}{\376\377\000S\000p\000i\000s\000\040\000r\000y\000s\000u\000n\000k\000\363\000w}{}% 18
\BOOKMARK [1][-]{section*.5}{\376\377\000S\000p\000i\000s\000\040\000t\000a\000b\000e\000l}{}% 19
\BOOKMARK [1][-]{section*.6}{\376\377\000S\000p\000i\000s\000\040\000z\000a\001\102\001\005\000c\000z\000n\000i\000k\000\363\000w}{}% 20
